Arguments: 
  C:\Program Files\nodejs\node.exe C:\Program Files (x86)\Yarn\bin\yarn.js start

PATH: 
  C:\Users\kkudu\bin;C:\Program Files\Git\mingw64\bin;C:\Program Files\Git\usr\local\bin;C:\Program Files\Git\usr\bin;C:\Program Files\Git\usr\bin;C:\Program Files\Git\mingw64\bin;C:\Program Files\Git\usr\bin;C:\Users\kkudu\bin;C:\Python38\Scripts;C:\Python38;C:\Program Files (x86)\Intel\iCLS Client;C:\Program Files\Intel\iCLS Client;C:\Program Files (x86)\Razer Chroma SDK\bin;C:\Program Files\Razer Chroma SDK\bin;C:\Program Files (x86)\Common Files\Oracle\Java\javapath;C:\Program Files\Genymobile\Genymotion\tools;C:\Program Files\Java\jdk1.8.0_161\bin;C:\Program Files (x86)\Common Files\Intel\Shared Libraries\redist\ia32\compiler;C:\Program Files (x86)\Common Files\Intel\Shared Libraries\redist\intel64\compiler;C:\ProgramData\Oracle\Java\javapath;C:\WINDOWS\system32;C:\WINDOWS;C:\WINDOWS\System32\Wbem;C:\WINDOWS\System32\WindowsPowerShell\v1.0;C:\Program Files (x86)\GtkSharp\2.12\bin;C:\Program Files (x86)\Brackets\command;C:\Program Files\Git\cmd;C:\Program Files (x86)\Yarn\bin;C:\ProgramData\chocolatey\bin;C:\WINDOWS\System32\OpenSSH;C:\Program Files (x86)\NVIDIA Corporation\PhysX\Common;C:\WINDOWS\system32\config\systemprofile\AppData\Local\Microsoft\WindowsApps;C:\Program Files\NVIDIA Corporation\NVIDIA NvDLISR;C:\Program Files\Microsoft VS Code\bin;C:\Program Files (x86)\Common Files\Acronis\VirtualFile;C:\Program Files (x86)\Common Files\Acronis\VirtualFile64;C:\Program Files (x86)\Common Files\Acronis\FileProtector;C:\Program Files (x86)\Common Files\Acronis\FileProtector64;C:\Program Files (x86)\Common Files\Acronis\SnapAPI;C:\WINDOWS\system32;C:\WINDOWS;C:\WINDOWS\System32\Wbem;C:\WINDOWS\System32\WindowsPowerShell\v1.0;C:\WINDOWS\System32\OpenSSH;C:\Program Files (x86)\Intel\Intel(R) Management Engine Components\DAL;C:\Program Files\Intel\Intel(R) Management Engine Components\DAL;C:\Program Files (x86)\Intel\Intel(R) Management Engine Components\IPT;C:\Program Files\Intel\Intel(R) Management Engine Components\IPT;C:\Program Files\nodejs;I:\GAM;I:\GAMADV-XTD3;C:\RailsInstaller\Git\cmd;C:\RailsInstaller\Ruby2.3.3\bin;C:\Users\kkudu\AppData\Local\Programs\Python\Python36-32\Scripts;C:\Users\kkudu\AppData\Local\Programs\Python\Python36-32;C:\Users\kkudu\AppData\Local\Microsoft\WindowsApps;C:\Users\kkudu\AppData\Local\GitHubDesktop\bin;C:\Users\kkudu\AppData\Local\Microsoft\WindowsApps;C:\Users\kkudu\AppData\Local\Android\sdk\platform-tools;C:\Users\kkudu\AppData\Local\Yarn\bin;C:\Users\kkudu\AppData\Local\.meteor;C:\Users\kkudu\AppData\Roaming\npm;C:\Program Files\Git\usr\bin\vendor_perl;C:\Program Files\Git\usr\bin\core_perl

Yarn version: 
  1.5.1

Node version: 
  14.1.0

Platform: 
  win32 x64

npm manifest: 
  {
    "name": "tictactoe",
    "version": "0.1.0",
    "description": "",
    "scripts": {
      "start": "parcel index.html",
      "build": "npm run clear && parcel build index.html",
      "lint": "eslint src/**/*.js",
      "format": "prettier --write src/**/*.js",
      "format:lint": "npm run format && npm run lint",
      "clear": "rimraf dist .parcel-cache"
    },
    "license": "MIT",
    "dependencies": {
      "react": "^16.13.1",
      "react-dom": "^16.13.1"
    },
    "devDependencies": {
      "babel-eslint": "^10.1.0",
      "babel-preset-nano-react-app": "^0.1.0",
      "eslint": "^7.8.1",
      "eslint-config-airbnb": "^18.2.0",
      "eslint-config-prettier": "^6.11.0",
      "eslint-plugin-import": "^2.22.0",
      "eslint-plugin-jsx-a11y": "^6.3.1",
      "eslint-plugin-react": "^7.20.6",
      "parcel": "^2.0.0-alpha.3.2",
      "prettier": "^2.1.1",
      "rimraf": "^3.0.2"
    },
    "babel": {
      "presets": [
        "nano-react-app"
      ]
    }
  }

yarn manifest: 
  No manifest

Lockfile: 
  No lockfile

Trace: 
  Error: Command failed.
  Exit code: 1
  Command: C:\WINDOWS\system32\cmd.exe
  Arguments: /d /s /c parcel index.html
  Directory: C:\Users\kkudu\Desktop\ReactApps\tictactoe
  Output:
  
      at ProcessTermError.MessageError (C:\Program Files (x86)\Yarn\lib\cli.js:186:110)
      at new ProcessTermError (C:\Program Files (x86)\Yarn\lib\cli.js:226:113)
      at ChildProcess.<anonymous> (C:\Program Files (x86)\Yarn\lib\cli.js:30281:17)
      at ChildProcess.emit (events.js:315:20)
      at maybeClose (internal/child_process.js:1051:16)
      at Process.ChildProcess._handle.onexit (internal/child_process.js:287:5)
